[ 2026-07-09 19:40:32,723 ] 24 root - INFO - Initiate the data ingestion
[ 2026-07-09 19:40:32,723 ] 36 root - INFO - Connecting to MongoDB database: nshitsonitech
[ 2026-07-09 19:40:38,120 ] 66 root - INFO - Saving raw dataset to feature store: Artifacts\07_09_2026_19_40_30\data_ingestion\feature_store\phisingData.csv
[ 2026-07-09 19:40:38,262 ] 75 root - INFO - Performing train-test split on the ingested dataframe
[ 2026-07-09 19:40:38,279 ] 86 root - INFO - Exporting train and test data split CSV files
[ 2026-07-09 19:40:38,437 ] 98 root - INFO - Successfully completed train-test export splits.
[ 2026-07-09 19:40:38,449 ] 28 root - INFO - Data Ingestion Completed
[ 2026-07-09 19:40:38,449 ] 34 root - INFO - Initiate the data Validation
[ 2026-07-09 19:40:38,581 ] 32 root - INFO - Required number of columns: 31
[ 2026-07-09 19:40:38,581 ] 33 root - INFO - Data frame has columns: 31
[ 2026-07-09 19:40:38,581 ] 32 root - INFO - Required number of columns: 31
[ 2026-07-09 19:40:38,581 ] 33 root - INFO - Data frame has columns: 31
[ 2026-07-09 19:40:38,991 ] 40 root - INFO - Data Validation Completed
[ 2026-07-09 19:40:38,991 ] 46 root - INFO - Data Transformation started
[ 2026-07-09 19:40:38,991 ] 54 root - INFO - Entered initiate_data_transformation method of DataTransformation class
[ 2026-07-09 19:40:38,991 ] 56 root - INFO - Starting data transformation
[ 2026-07-09 19:40:39,043 ] 43 root - INFO - Entered get_data_transformer_object method of Transformation class
[ 2026-07-09 19:40:39,043 ] 46 root - INFO - Initialise KNNImputer with {'missing_values': nan, 'n_neighbors': 3, 'weights': 'uniform'}
[ 2026-07-09 19:40:39,062 ] 46 root - INFO - Entered the save_object method of MainUtils class
[ 2026-07-09 19:40:39,073 ] 50 root - INFO - Exited the save_object method of MainUtils class
[ 2026-07-09 19:40:39,073 ] 46 root - INFO - Entered the save_object method of MainUtils class
[ 2026-07-09 19:40:39,076 ] 50 root - INFO - Exited the save_object method of MainUtils class
[ 2026-07-09 19:40:39,080 ] 56 root - INFO - Data Transformation completed
[ 2026-07-09 19:40:39,080 ] 62 root - INFO - Model Training started
[ 2026-07-09 19:40:39,113 ] 99 root - INFO - Starting hyperparameter evaluation for multiple classification models.
[ 2026-07-09 19:48:19,320 ] 114 root - INFO - Best model identified: Random Forest with score: 0.9312716556972098
[ 2026-07-09 19:48:55,859 ] 46 root - INFO - Entered the save_object method of MainUtils class
[ 2026-07-09 19:48:55,896 ] 50 root - INFO - Exited the save_object method of MainUtils class
[ 2026-07-09 19:48:55,896 ] 46 root - INFO - Entered the save_object method of MainUtils class
[ 2026-07-09 19:48:55,922 ] 50 root - INFO - Exited the save_object method of MainUtils class
[ 2026-07-09 19:48:55,922 ] 145 root - INFO - Model trainer artifact packing completed successfully: ModelTrainerArtifact(trained_model_file_path='Artifacts\\07_09_2026_19_40_30\\model_trainer\\trained_model\\model.pkl', train_metric_artifact=ClassificationMetricArtifact(f1_score=0.9912365128412948, precision_score=0.9893821417736879, recall_score=0.9930978481526593), test_metric_artifact=ClassificationMetricArtifact(f1_score=0.9847777552263041, precision_score=0.9841784989858012, recall_score=0.9853777416734363))
[ 2026-07-09 19:48:55,922 ] 69 root - INFO - Model Training completed and artifact created
