[ 2026-07-09 18:58:58,796 ] 24 root - INFO - Initiate the data ingestion
[ 2026-07-09 18:58:58,797 ] 36 root - INFO - Connecting to MongoDB database: nshitsonitech
[ 2026-07-09 18:59:05,621 ] 66 root - INFO - Saving raw dataset to feature store: Artifacts\07_09_2026_18_58_55\data_ingestion\feature_store\phisingData.csv
[ 2026-07-09 18:59:05,814 ] 75 root - INFO - Performing train-test split on the ingested dataframe
[ 2026-07-09 18:59:05,826 ] 86 root - INFO - Exporting train and test data split CSV files
[ 2026-07-09 18:59:06,017 ] 98 root - INFO - Successfully completed train-test export splits.
[ 2026-07-09 18:59:06,019 ] 28 root - INFO - Data Ingestion Completed
[ 2026-07-09 18:59:06,019 ] 34 root - INFO - Initiate the data Validation
[ 2026-07-09 18:59:06,150 ] 32 root - INFO - Required number of columns: 31
[ 2026-07-09 18:59:06,150 ] 33 root - INFO - Data frame has columns: 31
[ 2026-07-09 18:59:06,150 ] 32 root - INFO - Required number of columns: 31
[ 2026-07-09 18:59:06,150 ] 33 root - INFO - Data frame has columns: 31
[ 2026-07-09 18:59:06,660 ] 40 root - INFO - Data Validation Completed
[ 2026-07-09 18:59:06,661 ] 46 root - INFO - Data Transformation started
[ 2026-07-09 18:59:06,661 ] 54 root - INFO - Entered initiate_data_transformation method of DataTransformation class
[ 2026-07-09 18:59:06,661 ] 56 root - INFO - Starting data transformation
[ 2026-07-09 18:59:06,724 ] 43 root - INFO - Entered get_data_transformer_object method of Transformation class
[ 2026-07-09 18:59:06,724 ] 46 root - INFO - Initialise KNNImputer with {'missing_values': nan, 'n_neighbors': 3, 'weights': 'uniform'}
[ 2026-07-09 18:59:06,750 ] 46 root - INFO - Entered the save_object method of MainUtils class
[ 2026-07-09 18:59:06,757 ] 50 root - INFO - Exited the save_object method of MainUtils class
[ 2026-07-09 18:59:06,758 ] 46 root - INFO - Entered the save_object method of MainUtils class
[ 2026-07-09 18:59:06,763 ] 50 root - INFO - Exited the save_object method of MainUtils class
[ 2026-07-09 18:59:06,765 ] 56 root - INFO - Data Transformation completed
[ 2026-07-09 18:59:06,767 ] 62 root - INFO - Model Training started
[ 2026-07-09 18:59:06,800 ] 98 root - INFO - Starting hyperparameter evaluation for multiple classification models.
[ 2026-07-09 19:07:13,107 ] 113 root - INFO - Best model identified: Random Forest with score: 0.935860204503876
