[ 2026-07-09 23:32:48,162 ] 42 root - INFO - Start data Ingestion
[ 2026-07-09 23:32:48,162 ] 36 root - INFO - Connecting to MongoDB database: nshitsonitech
[ 2026-07-09 23:32:53,318 ] 66 root - INFO - Saving raw dataset to feature store: Artifacts\07_09_2026_23_32_29\data_ingestion\feature_store\phisingData.csv
[ 2026-07-09 23:32:53,493 ] 75 root - INFO - Performing train-test split on the ingested dataframe
[ 2026-07-09 23:32:53,499 ] 86 root - INFO - Exporting train and test data split CSV files
[ 2026-07-09 23:32:53,662 ] 98 root - INFO - Successfully completed train-test export splits.
[ 2026-07-09 23:32:53,662 ] 45 root - INFO - Data Ingestion completed and artifact: DataIngestionArtifact(trained_file_path='Artifacts\\07_09_2026_23_32_29\\data_ingestion\\ingested\\train.csv', test_file_path='Artifacts\\07_09_2026_23_32_29\\data_ingestion\\ingested\\test.csv')
[ 2026-07-09 23:32:53,675 ] 55 root - INFO - Initiate the data Validation
[ 2026-07-09 23:32:53,789 ] 32 root - INFO - Required number of columns: 31
[ 2026-07-09 23:32:53,789 ] 33 root - INFO - Data frame has columns: 31
[ 2026-07-09 23:32:53,789 ] 32 root - INFO - Required number of columns: 31
[ 2026-07-09 23:32:53,789 ] 33 root - INFO - Data frame has columns: 31
[ 2026-07-09 23:32:54,196 ] 54 root - INFO - Entered initiate_data_transformation method of DataTransformation class
[ 2026-07-09 23:32:54,196 ] 56 root - INFO - Starting data transformation
[ 2026-07-09 23:32:54,254 ] 43 root - INFO - Entered get_data_transformer_object method of Transformation class
[ 2026-07-09 23:32:54,254 ] 46 root - INFO - Initialise KNNImputer with {'missing_values': nan, 'n_neighbors': 3, 'weights': 'uniform'}
[ 2026-07-09 23:32:54,281 ] 46 root - INFO - Entered the save_object method of MainUtils class
[ 2026-07-09 23:32:54,286 ] 50 root - INFO - Exited the save_object method of MainUtils class
[ 2026-07-09 23:32:54,286 ] 46 root - INFO - Entered the save_object method of MainUtils class
[ 2026-07-09 23:32:54,292 ] 50 root - INFO - Exited the save_object method of MainUtils class
[ 2026-07-09 23:32:54,323 ] 99 root - INFO - Starting hyperparameter evaluation for multiple classification models.
[ 2026-07-09 23:42:07,107 ] 114 root - INFO - Best model identified: Random Forest with score: 0.9532401614352937
[ 2026-07-09 23:43:01,792 ] 46 root - INFO - Entered the save_object method of MainUtils class
[ 2026-07-09 23:43:01,845 ] 50 root - INFO - Exited the save_object method of MainUtils class
[ 2026-07-09 23:43:01,845 ] 46 root - INFO - Entered the save_object method of MainUtils class
[ 2026-07-09 23:43:01,886 ] 50 root - INFO - Exited the save_object method of MainUtils class
[ 2026-07-09 23:43:01,886 ] 145 root - INFO - Model trainer artifact packing completed successfully: ModelTrainerArtifact(trained_model_file_path='Artifacts\\07_09_2026_23_32_29\\model_trainer\\trained_model\\model.pkl', train_metric_artifact=ClassificationMetricArtifact(f1_score=0.990515798549475, precision_score=0.9893617021276596, recall_score=0.9916725906367422), test_metric_artifact=ClassificationMetricArtifact(f1_score=0.9896698399837959, precision_score=0.9890688259109311, recall_score=0.9902715849209567))
[ 2026-07-09 23:46:33,792 ] 42 root - INFO - Start data Ingestion
[ 2026-07-09 23:46:33,792 ] 36 root - INFO - Connecting to MongoDB database: nshitsonitech
[ 2026-07-09 23:46:38,664 ] 66 root - INFO - Saving raw dataset to feature store: Artifacts\07_09_2026_23_32_29\data_ingestion\feature_store\phisingData.csv
[ 2026-07-09 23:46:38,832 ] 75 root - INFO - Performing train-test split on the ingested dataframe
[ 2026-07-09 23:46:38,840 ] 86 root - INFO - Exporting train and test data split CSV files
[ 2026-07-09 23:46:39,024 ] 98 root - INFO - Successfully completed train-test export splits.
[ 2026-07-09 23:46:39,024 ] 45 root - INFO - Data Ingestion completed and artifact: DataIngestionArtifact(trained_file_path='Artifacts\\07_09_2026_23_32_29\\data_ingestion\\ingested\\train.csv', test_file_path='Artifacts\\07_09_2026_23_32_29\\data_ingestion\\ingested\\test.csv')
[ 2026-07-09 23:46:39,038 ] 55 root - INFO - Initiate the data Validation
[ 2026-07-09 23:46:39,154 ] 32 root - INFO - Required number of columns: 31
[ 2026-07-09 23:46:39,154 ] 33 root - INFO - Data frame has columns: 31
[ 2026-07-09 23:46:39,154 ] 32 root - INFO - Required number of columns: 31
[ 2026-07-09 23:46:39,154 ] 33 root - INFO - Data frame has columns: 31
[ 2026-07-09 23:46:39,573 ] 54 root - INFO - Entered initiate_data_transformation method of DataTransformation class
[ 2026-07-09 23:46:39,573 ] 56 root - INFO - Starting data transformation
[ 2026-07-09 23:46:39,636 ] 43 root - INFO - Entered get_data_transformer_object method of Transformation class
[ 2026-07-09 23:46:39,636 ] 46 root - INFO - Initialise KNNImputer with {'missing_values': nan, 'n_neighbors': 3, 'weights': 'uniform'}
[ 2026-07-09 23:46:39,663 ] 46 root - INFO - Entered the save_object method of MainUtils class
[ 2026-07-09 23:46:39,668 ] 50 root - INFO - Exited the save_object method of MainUtils class
[ 2026-07-09 23:46:39,668 ] 46 root - INFO - Entered the save_object method of MainUtils class
[ 2026-07-09 23:46:39,674 ] 50 root - INFO - Exited the save_object method of MainUtils class
[ 2026-07-09 23:46:39,706 ] 99 root - INFO - Starting hyperparameter evaluation for multiple classification models.
[ 2026-07-09 23:58:28,768 ] 114 root - INFO - Best model identified: Random Forest with score: 0.9329967318870888
[ 2026-07-09 23:59:28,568 ] 46 root - INFO - Entered the save_object method of MainUtils class
[ 2026-07-09 23:59:28,588 ] 50 root - INFO - Exited the save_object method of MainUtils class
[ 2026-07-09 23:59:28,589 ] 46 root - INFO - Entered the save_object method of MainUtils class
[ 2026-07-09 23:59:28,601 ] 50 root - INFO - Exited the save_object method of MainUtils class
[ 2026-07-09 23:59:28,601 ] 145 root - INFO - Model trainer artifact packing completed successfully: ModelTrainerArtifact(trained_model_file_path='Artifacts\\07_09_2026_23_32_29\\model_trainer\\trained_model\\model.pkl', train_metric_artifact=ClassificationMetricArtifact(f1_score=0.9912213934135079, precision_score=0.989564336372847, recall_score=0.9928840093524448), test_metric_artifact=ClassificationMetricArtifact(f1_score=0.9853029997986712, precision_score=0.9827309236947791, recall_score=0.9878885748889786))
