[ 2026-07-09 23:08:01,273 ] 24 root - INFO - Initiate the data ingestion
[ 2026-07-09 23:08:01,273 ] 36 root - INFO - Connecting to MongoDB database: nshitsonitech
[ 2026-07-09 23:08:06,475 ] 66 root - INFO - Saving raw dataset to feature store: Artifacts\07_09_2026_23_07_58\data_ingestion\feature_store\phisingData.csv
[ 2026-07-09 23:08:06,623 ] 75 root - INFO - Performing train-test split on the ingested dataframe
[ 2026-07-09 23:08:06,629 ] 86 root - INFO - Exporting train and test data split CSV files
[ 2026-07-09 23:08:06,801 ] 98 root - INFO - Successfully completed train-test export splits.
[ 2026-07-09 23:08:06,805 ] 28 root - INFO - Data Ingestion Completed
[ 2026-07-09 23:08:06,805 ] 34 root - INFO - Initiate the data Validation
[ 2026-07-09 23:08:06,938 ] 32 root - INFO - Required number of columns: 31
[ 2026-07-09 23:08:06,938 ] 33 root - INFO - Data frame has columns: 31
[ 2026-07-09 23:08:06,938 ] 32 root - INFO - Required number of columns: 31
[ 2026-07-09 23:08:06,938 ] 33 root - INFO - Data frame has columns: 31
[ 2026-07-09 23:08:07,294 ] 40 root - INFO - Data Validation Completed
[ 2026-07-09 23:08:07,294 ] 46 root - INFO - Data Transformation started
[ 2026-07-09 23:08:07,294 ] 54 root - INFO - Entered initiate_data_transformation method of DataTransformation class
[ 2026-07-09 23:08:07,294 ] 56 root - INFO - Starting data transformation
[ 2026-07-09 23:08:07,338 ] 43 root - INFO - Entered get_data_transformer_object method of Transformation class
[ 2026-07-09 23:08:07,338 ] 46 root - INFO - Initialise KNNImputer with {'missing_values': nan, 'n_neighbors': 3, 'weights': 'uniform'}
[ 2026-07-09 23:08:07,373 ] 46 root - INFO - Entered the save_object method of MainUtils class
[ 2026-07-09 23:08:07,373 ] 50 root - INFO - Exited the save_object method of MainUtils class
[ 2026-07-09 23:08:07,373 ] 46 root - INFO - Entered the save_object method of MainUtils class
[ 2026-07-09 23:08:07,381 ] 50 root - INFO - Exited the save_object method of MainUtils class
[ 2026-07-09 23:08:07,384 ] 56 root - INFO - Data Transformation completed
[ 2026-07-09 23:08:07,384 ] 62 root - INFO - Model Training started
[ 2026-07-09 23:08:07,417 ] 99 root - INFO - Starting hyperparameter evaluation for multiple classification models.
[ 2026-07-09 23:17:43,479 ] 114 root - INFO - Best model identified: Decision Tree with score: 0.9397285915606977
[ 2026-07-09 23:18:22,294 ] 46 root - INFO - Entered the save_object method of MainUtils class
[ 2026-07-09 23:18:22,295 ] 50 root - INFO - Exited the save_object method of MainUtils class
[ 2026-07-09 23:18:22,295 ] 46 root - INFO - Entered the save_object method of MainUtils class
[ 2026-07-09 23:18:22,300 ] 50 root - INFO - Exited the save_object method of MainUtils class
[ 2026-07-09 23:18:22,300 ] 145 root - INFO - Model trainer artifact packing completed successfully: ModelTrainerArtifact(trained_model_file_path='Artifacts\\07_09_2026_23_07_58\\model_trainer\\trained_model\\model.pkl', train_metric_artifact=ClassificationMetricArtifact(f1_score=0.9910037400181947, precision_score=0.9905031319458476, recall_score=0.991504854368932), test_metric_artifact=ClassificationMetricArtifact(f1_score=0.9863692688971499, precision_score=0.9884105960264901, recall_score=0.9843363561417972))
[ 2026-07-09 23:18:22,300 ] 69 root - INFO - Model Training completed and artifact created
