[ 2026-07-09 18:09:31,440 ] 24 root - INFO - Initiate the data ingestion
[ 2026-07-09 18:09:31,441 ] 36 root - INFO - Connecting to MongoDB database: nshitsonitech
[ 2026-07-09 18:09:35,429 ] 66 root - INFO - Saving raw dataset to feature store: Artifacts\07_09_2026_18_09_27\data_ingestion\feature_store\phisingData.csv
[ 2026-07-09 18:09:35,581 ] 75 root - INFO - Performing train-test split on the ingested dataframe
[ 2026-07-09 18:09:35,588 ] 86 root - INFO - Exporting train and test data split CSV files
[ 2026-07-09 18:09:35,717 ] 98 root - INFO - Successfully completed train-test export splits.
[ 2026-07-09 18:09:35,718 ] 28 root - INFO - Data Ingestion Completed
[ 2026-07-09 18:09:35,719 ] 34 root - INFO - Initiate the data Validation
[ 2026-07-09 18:09:35,834 ] 32 root - INFO - Required number of columns:2
[ 2026-07-09 18:09:35,834 ] 33 root - INFO - Data frame has columns:31
[ 2026-07-09 18:09:35,834 ] 32 root - INFO - Required number of columns:2
[ 2026-07-09 18:09:35,834 ] 33 root - INFO - Data frame has columns:31
[ 2026-07-09 18:09:36,115 ] 40 root - INFO - Data Validation Completed
[ 2026-07-09 18:09:36,115 ] 46 root - INFO - Data Transformation started
[ 2026-07-09 18:09:36,115 ] 63 root - INFO - Entered initiate_data_transformation method of DataTransformation class
[ 2026-07-09 18:09:36,115 ] 65 root - INFO - Starting data transformation
[ 2026-07-09 18:09:36,156 ] 48 root - INFO - Entered get_data_trnasformer_object method of Trnasformation class
[ 2026-07-09 18:09:36,156 ] 53 root - INFO - Initialise KNNImputer with {'missing_values': nan, 'n_neighbors': 3, 'weights': 'uniform'}
[ 2026-07-09 18:09:36,176 ] 46 root - INFO - Entered the save_object method of MainUtils class
[ 2026-07-09 18:09:36,179 ] 50 root - INFO - Exited the save_object method of MainUtils class
[ 2026-07-09 18:09:36,179 ] 46 root - INFO - Entered the save_object method of MainUtils class
[ 2026-07-09 18:09:36,179 ] 50 root - INFO - Exited the save_object method of MainUtils class
[ 2026-07-09 18:09:36,179 ] 56 root - INFO - Data Transformation completed
[ 2026-07-09 18:09:36,179 ] 62 root - INFO - Model Training started
[ 2026-07-09 18:09:36,214 ] 104 root - INFO - Starting hyperparameter evaluation for multiple classification models.
[ 2026-07-09 18:14:05,876 ] 119 root - INFO - Best model identified: Random Forest with score: 0.8812835894377378
