[ 2026-07-09 19:10:33,447 ] 24 root - INFO - Initiate the data ingestion
[ 2026-07-09 19:10:33,448 ] 36 root - INFO - Connecting to MongoDB database: nshitsonitech
[ 2026-07-09 19:10:38,520 ] 66 root - INFO - Saving raw dataset to feature store: Artifacts\07_09_2026_19_10_30\data_ingestion\feature_store\phisingData.csv
[ 2026-07-09 19:10:38,701 ] 75 root - INFO - Performing train-test split on the ingested dataframe
[ 2026-07-09 19:10:38,702 ] 86 root - INFO - Exporting train and test data split CSV files
[ 2026-07-09 19:10:38,881 ] 98 root - INFO - Successfully completed train-test export splits.
[ 2026-07-09 19:10:38,883 ] 28 root - INFO - Data Ingestion Completed
[ 2026-07-09 19:10:38,883 ] 34 root - INFO - Initiate the data Validation
[ 2026-07-09 19:10:39,030 ] 32 root - INFO - Required number of columns: 31
[ 2026-07-09 19:10:39,030 ] 33 root - INFO - Data frame has columns: 31
[ 2026-07-09 19:10:39,030 ] 32 root - INFO - Required number of columns: 31
[ 2026-07-09 19:10:39,030 ] 33 root - INFO - Data frame has columns: 31
[ 2026-07-09 19:10:39,371 ] 40 root - INFO - Data Validation Completed
[ 2026-07-09 19:10:39,371 ] 46 root - INFO - Data Transformation started
[ 2026-07-09 19:10:39,371 ] 54 root - INFO - Entered initiate_data_transformation method of DataTransformation class
[ 2026-07-09 19:10:39,371 ] 56 root - INFO - Starting data transformation
[ 2026-07-09 19:10:39,429 ] 43 root - INFO - Entered get_data_transformer_object method of Transformation class
[ 2026-07-09 19:10:39,429 ] 46 root - INFO - Initialise KNNImputer with {'missing_values': nan, 'n_neighbors': 3, 'weights': 'uniform'}
[ 2026-07-09 19:10:39,454 ] 46 root - INFO - Entered the save_object method of MainUtils class
[ 2026-07-09 19:10:39,460 ] 50 root - INFO - Exited the save_object method of MainUtils class
[ 2026-07-09 19:10:39,460 ] 46 root - INFO - Entered the save_object method of MainUtils class
[ 2026-07-09 19:10:39,463 ] 50 root - INFO - Exited the save_object method of MainUtils class
[ 2026-07-09 19:10:39,466 ] 56 root - INFO - Data Transformation completed
[ 2026-07-09 19:10:39,466 ] 62 root - INFO - Model Training started
[ 2026-07-09 19:10:39,496 ] 99 root - INFO - Starting hyperparameter evaluation for multiple classification models.
[ 2026-07-09 19:18:37,870 ] 114 root - INFO - Best model identified: Random Forest with score: 0.9287952105697771
[ 2026-07-09 19:19:25,787 ] 46 root - INFO - Entered the save_object method of MainUtils class
[ 2026-07-09 19:19:25,828 ] 50 root - INFO - Exited the save_object method of MainUtils class
[ 2026-07-09 19:19:25,828 ] 46 root - INFO - Entered the save_object method of MainUtils class
[ 2026-07-09 19:19:25,854 ] 50 root - INFO - Exited the save_object method of MainUtils class
[ 2026-07-09 19:19:25,854 ] 145 root - INFO - Model trainer artifact packing completed successfully: ModelTrainerArtifact(trained_model_file_path='Artifacts\\07_09_2026_19_10_30\\model_trainer\\trained_model\\model.pkl', train_metric_artifact=ClassificationMetricArtifact(f1_score=0.9915322580645162, precision_score=0.9887414555689585, recall_score=0.9943388596845936), test_metric_artifact=ClassificationMetricArtifact(f1_score=0.984036021285305, precision_score=0.9756493506493507, recall_score=0.9925681255161024))
[ 2026-07-09 19:19:25,854 ] 69 root - INFO - Model Training completed and artifact created
