[ 2026-07-09 17:52:40,417 ] 24 root - INFO - Initiate the data ingestion
[ 2026-07-09 17:52:40,417 ] 36 root - INFO - Connecting to MongoDB database: nshitsonitech
[ 2026-07-09 17:52:44,498 ] 66 root - INFO - Saving raw dataset to feature store: Artifacts\07_09_2026_17_52_33\data_ingestion\feature_store\phisingData.csv
[ 2026-07-09 17:52:44,617 ] 75 root - INFO - Performing train-test split on the ingested dataframe
[ 2026-07-09 17:52:44,634 ] 86 root - INFO - Exporting train and test data split CSV files
[ 2026-07-09 17:52:44,791 ] 98 root - INFO - Successfully completed train-test export splits.
[ 2026-07-09 17:52:44,791 ] 28 root - INFO - Data Ingestion Completed
[ 2026-07-09 17:52:44,791 ] 34 root - INFO - Initiate the data Validation
[ 2026-07-09 17:52:44,949 ] 32 root - INFO - Required number of columns:2
[ 2026-07-09 17:52:44,949 ] 33 root - INFO - Data frame has columns:31
[ 2026-07-09 17:52:44,949 ] 32 root - INFO - Required number of columns:2
[ 2026-07-09 17:52:44,949 ] 33 root - INFO - Data frame has columns:31
[ 2026-07-09 17:52:45,217 ] 40 root - INFO - Data Validation Completed
[ 2026-07-09 17:52:45,217 ] 46 root - INFO - Data Transformation started
[ 2026-07-09 17:52:45,218 ] 63 root - INFO - Entered initiate_data_transformation method of DataTransformation class
[ 2026-07-09 17:52:45,218 ] 65 root - INFO - Starting data transformation
[ 2026-07-09 17:52:45,259 ] 48 root - INFO - Entered get_data_trnasformer_object method of Trnasformation class
[ 2026-07-09 17:52:45,259 ] 53 root - INFO - Initialise KNNImputer with {'missing_values': nan, 'n_neighbors': 3, 'weights': 'uniform'}
[ 2026-07-09 17:52:45,278 ] 46 root - INFO - Entered the save_object method of MainUtils class
[ 2026-07-09 17:52:45,278 ] 50 root - INFO - Exited the save_object method of MainUtils class
[ 2026-07-09 17:52:45,278 ] 46 root - INFO - Entered the save_object method of MainUtils class
[ 2026-07-09 17:52:45,286 ] 50 root - INFO - Exited the save_object method of MainUtils class
[ 2026-07-09 17:52:45,289 ] 56 root - INFO - Data Transformation completed
[ 2026-07-09 17:52:45,290 ] 62 root - INFO - Model Training started
