[ 2026-07-09 18:17:53,302 ] 24 root - INFO - Initiate the data ingestion
[ 2026-07-09 18:17:53,302 ] 36 root - INFO - Connecting to MongoDB database: nshitsonitech
[ 2026-07-09 18:17:56,340 ] 66 root - INFO - Saving raw dataset to feature store: Artifacts\07_09_2026_18_17_50\data_ingestion\feature_store\phisingData.csv
[ 2026-07-09 18:17:56,422 ] 75 root - INFO - Performing train-test split on the ingested dataframe
[ 2026-07-09 18:17:56,422 ] 86 root - INFO - Exporting train and test data split CSV files
[ 2026-07-09 18:17:56,509 ] 98 root - INFO - Successfully completed train-test export splits.
[ 2026-07-09 18:17:56,516 ] 28 root - INFO - Data Ingestion Completed
[ 2026-07-09 18:17:56,516 ] 34 root - INFO - Initiate the data Validation
[ 2026-07-09 18:17:56,606 ] 32 root - INFO - Required number of columns:2
[ 2026-07-09 18:17:56,606 ] 33 root - INFO - Data frame has columns:31
[ 2026-07-09 18:17:56,606 ] 32 root - INFO - Required number of columns:2
[ 2026-07-09 18:17:56,606 ] 33 root - INFO - Data frame has columns:31
[ 2026-07-09 18:17:56,821 ] 40 root - INFO - Data Validation Completed
[ 2026-07-09 18:17:56,821 ] 46 root - INFO - Data Transformation started
[ 2026-07-09 18:17:56,821 ] 63 root - INFO - Entered initiate_data_transformation method of DataTransformation class
[ 2026-07-09 18:17:56,821 ] 65 root - INFO - Starting data transformation
[ 2026-07-09 18:17:56,851 ] 48 root - INFO - Entered get_data_trnasformer_object method of Trnasformation class
[ 2026-07-09 18:17:56,851 ] 53 root - INFO - Initialise KNNImputer with {'missing_values': nan, 'n_neighbors': 3, 'weights': 'uniform'}
[ 2026-07-09 18:17:56,873 ] 46 root - INFO - Entered the save_object method of MainUtils class
[ 2026-07-09 18:17:56,876 ] 50 root - INFO - Exited the save_object method of MainUtils class
[ 2026-07-09 18:17:56,877 ] 46 root - INFO - Entered the save_object method of MainUtils class
[ 2026-07-09 18:17:56,878 ] 50 root - INFO - Exited the save_object method of MainUtils class
[ 2026-07-09 18:17:56,878 ] 56 root - INFO - Data Transformation completed
[ 2026-07-09 18:17:56,878 ] 62 root - INFO - Model Training started
[ 2026-07-09 18:17:56,909 ] 98 root - INFO - Starting hyperparameter evaluation for multiple classification models.
[ 2026-07-09 18:22:20,285 ] 113 root - INFO - Best model identified: Random Forest with score: 0.8974702097531488
